{"numTotalTestSuites":35,"numPassedTestSuites":35,"numFailedTestSuites":0,"numPendingTestSuites":0,"numTotalTests":66,"numPassedTests":62,"numFailedTests":4,"numPendingTests":0,"numTodoTests":0,"startTime":1748437864050,"success":false,"testResults":[{"assertionResults":[{"ancestorTitles":["","Accessibility Tests","ARIA Attributes"],"fullName":" Accessibility Tests ARIA Attributes should have proper ARIA roles and labels","status":"passed","title":"should have proper ARIA roles and labels","duration":63,"failureMessages":[]},{"ancestorTitles":["","Accessibility Tests","ARIA Attributes"],"fullName":" Accessibility Tests ARIA Attributes should update ARIA attributes when filtering","status":"passed","title":"should update ARIA attributes when filtering","duration":33,"failureMessages":[]},{"ancestorTitles":["","Accessibility Tests","ARIA Attributes"],"fullName":" Accessibility Tests ARIA Attributes should properly mark selected items","status":"passed","title":"should properly mark selected items","duration":39,"failureMessages":[]},{"ancestorTitles":["","Accessibility Tests","Keyboard Navigation"],"fullName":" Accessibility Tests Keyboard Navigation should support full keyboard navigation","status":"passed","title":"should support full keyboard navigation","duration":77,"failureMessages":[]},{"ancestorTitles":["","Accessibility Tests","Keyboard Navigation"],"fullName":" Accessibility Tests Keyboard Navigation should handle Enter key to activate selection","status":"passed","title":"should handle Enter key to activate selection","duration":22,"failureMessages":[]},{"ancestorTitles":["","Accessibility Tests","Keyboard Navigation"],"fullName":" Accessibility Tests Keyboard Navigation should not allow navigation beyond boundaries","status":"passed","title":"should not allow navigation beyond boundaries","duration":80,"failureMessages":[]},{"ancestorTitles":["","Accessibility Tests","Screen Reader Announcements"],"fullName":" Accessibility Tests Screen Reader Announcements should announce search results","status":"passed","title":"should announce search results","duration":13,"failureMessages":[]},{"ancestorTitles":["","Accessibility Tests","Screen Reader Announcements"],"fullName":" Accessibility Tests Screen Reader Announcements should announce selections during keyboard navigation","status":"passed","title":"should announce selections during keyboard navigation","duration":15,"failureMessages":[]},{"ancestorTitles":["","Accessibility Tests","Focus Management"],"fullName":" Accessibility Tests Focus Management should maintain proper focus during navigation","status":"passed","title":"should maintain proper focus during navigation","duration":11,"failureMessages":[]},{"ancestorTitles":["","Accessibility Tests","Focus Management"],"fullName":" Accessibility Tests Focus Management should handle tab index properly","status":"passed","title":"should handle tab index properly","duration":17,"failureMessages":[]},{"ancestorTitles":["","Accessibility Tests","Error Accessibility"],"fullName":" Accessibility Tests Error Accessibility should properly announce errors","status":"passed","title":"should properly announce errors","duration":7,"failureMessages":[]},{"ancestorTitles":["","Accessibility Tests","Color Contrast and Visual Accessibility"],"fullName":" Accessibility Tests Color Contrast and Visual Accessibility should not rely solely on color for information","status":"passed","title":"should not rely solely on color for information","duration":14,"failureMessages":[]}],"startTime":1748437865664,"endTime":1748437866059,"status":"passed","message":"","name":"/Users/massilp/Projects/laricercadielisa/tests/accessibility/a11y.test.js"},{"assertionResults":[{"ancestorTitles":["","Popup Workflow E2E Tests","Complete User Workflows"],"fullName":" Popup Workflow E2E Tests Complete User Workflows should complete full search and selection workflow","status":"failed","title":"should complete full search and selection workflow","duration":108,"failureMessages":["expected \"spy\" to be called with arguments: [ 1, { focused: true } ]\n\nReceived: \n\n\n\nNumber of calls: 0\n"],"location":{"line":174,"column":37}},{"ancestorTitles":["","Popup Workflow E2E Tests","Complete User Workflows"],"fullName":" Popup Workflow E2E Tests Complete User Workflows should handle search with no results","status":"passed","title":"should handle search with no results","duration":42,"failureMessages":[]},{"ancestorTitles":["","Popup Workflow E2E Tests","Complete User Workflows"],"fullName":" Popup Workflow E2E Tests Complete User Workflows should handle keyboard navigation at boundaries","status":"passed","title":"should handle keyboard navigation at boundaries","duration":155,"failureMessages":[]},{"ancestorTitles":["","Popup Workflow E2E Tests","Complete User Workflows"],"fullName":" Popup Workflow E2E Tests Complete User Workflows should handle tab switching errors gracefully","status":"passed","title":"should handle tab switching errors gracefully","duration":28,"failureMessages":[]},{"ancestorTitles":["","Popup Workflow E2E Tests","Performance Tests"],"fullName":" Popup Workflow E2E Tests Performance Tests should handle large number of tabs efficiently","status":"failed","title":"should handle large number of tabs efficiently","duration":346,"failureMessages":["expected 320.74784499999987 to be less than 300"],"location":{"line":238,"column":24}},{"ancestorTitles":["","Popup Workflow E2E Tests","Performance Tests"],"fullName":" Popup Workflow E2E Tests Performance Tests should search through large tab list quickly","status":"passed","title":"should search through large tab list quickly","duration":225,"failureMessages":[]},{"ancestorTitles":["","Popup Workflow E2E Tests","Edge Case Handling"],"fullName":" Popup Workflow E2E Tests Edge Case Handling should handle tabs with very long titles","status":"passed","title":"should handle tabs with very long titles","duration":6,"failureMessages":[]},{"ancestorTitles":["","Popup Workflow E2E Tests","Edge Case Handling"],"fullName":" Popup Workflow E2E Tests Edge Case Handling should handle tabs without favicons","status":"failed","title":"should handle tabs without favicons","duration":6,"failureMessages":["expected null to be truthy"],"location":{"line":278,"column":23}},{"ancestorTitles":["","Popup Workflow E2E Tests","Edge Case Handling"],"fullName":" Popup Workflow E2E Tests Edge Case Handling should handle malicious input safely","status":"passed","title":"should handle malicious input safely","duration":12,"failureMessages":[]}],"startTime":1748437865664,"endTime":1748437866594,"status":"failed","message":"","name":"/Users/massilp/Projects/laricercadielisa/tests/e2e/popup-workflow.test.js"},{"assertionResults":[{"ancestorTitles":["","Chrome API Integration","Tab Loading"],"fullName":" Chrome API Integration Tab Loading should load tabs from Chrome API","status":"passed","title":"should load tabs from Chrome API","duration":30,"failureMessages":[]},{"ancestorTitles":["","Chrome API Integration","Tab Loading"],"fullName":" Chrome API Integration Tab Loading should handle Chrome API errors gracefully","status":"passed","title":"should handle Chrome API errors gracefully","duration":8,"failureMessages":[]},{"ancestorTitles":["","Chrome API Integration","Tab Loading"],"fullName":" Chrome API Integration Tab Loading should identify current active tab","status":"passed","title":"should identify current active tab","duration":6,"failureMessages":[]},{"ancestorTitles":["","Chrome API Integration","Tab Switching"],"fullName":" Chrome API Integration Tab Switching should switch to tab using Chrome API","status":"passed","title":"should switch to tab using Chrome API","duration":8,"failureMessages":[]},{"ancestorTitles":["","Chrome API Integration","Tab Switching"],"fullName":" Chrome API Integration Tab Switching should handle tab switching errors","status":"passed","title":"should handle tab switching errors","duration":5,"failureMessages":[]},{"ancestorTitles":["","Chrome API Integration","Tab Closing"],"fullName":" Chrome API Integration Tab Closing should close individual tab","status":"passed","title":"should close individual tab","duration":7,"failureMessages":[]},{"ancestorTitles":["","Chrome API Integration","Tab Closing"],"fullName":" Chrome API Integration Tab Closing should handle tab closing errors","status":"passed","title":"should handle tab closing errors","duration":5,"failureMessages":[]},{"ancestorTitles":["","Chrome API Integration","Tab Closing"],"fullName":" Chrome API Integration Tab Closing should close other tabs (excluding current and pinned)","status":"passed","title":"should close other tabs (excluding current and pinned)","duration":4,"failureMessages":[]},{"ancestorTitles":["","Chrome API Integration","Tab Closing"],"fullName":" Chrome API Integration Tab Closing should not close tabs if user cancels confirmation","status":"passed","title":"should not close tabs if user cancels confirmation","duration":4,"failureMessages":[]},{"ancestorTitles":["","Chrome API Integration","Error Handling"],"fullName":" Chrome API Integration Error Handling should handle permission errors","status":"passed","title":"should handle permission errors","duration":5,"failureMessages":[]},{"ancestorTitles":["","Chrome API Integration","Error Handling"],"fullName":" Chrome API Integration Error Handling should handle network timeouts","status":"passed","title":"should handle network timeouts","duration":6,"failureMessages":[]},{"ancestorTitles":["","Chrome API Integration","Performance Integration"],"fullName":" Chrome API Integration Performance Integration should handle large numbers of tabs efficiently","status":"passed","title":"should handle large numbers of tabs efficiently","duration":12,"failureMessages":[]},{"ancestorTitles":["","Chrome API Integration","Performance Integration"],"fullName":" Chrome API Integration Performance Integration should handle rapid search input changes","status":"passed","title":"should handle rapid search input changes","duration":3,"failureMessages":[]}],"startTime":1748437865656,"endTime":1748437865761,"status":"passed","message":"","name":"/Users/massilp/Projects/laricercadielisa/tests/integration/chrome-api.test.js"},{"assertionResults":[{"ancestorTitles":["","Performance Tests","Initialization Performance"],"fullName":" Performance Tests Initialization Performance should initialize quickly with small dataset","status":"passed","title":"should initialize quickly with small dataset","duration":56,"failureMessages":[]},{"ancestorTitles":["","Performance Tests","Initialization Performance"],"fullName":" Performance Tests Initialization Performance should initialize reasonably with medium dataset","status":"passed","title":"should initialize reasonably with medium dataset","duration":148,"failureMessages":[]},{"ancestorTitles":["","Performance Tests","Initialization Performance"],"fullName":" Performance Tests Initialization Performance should handle large dataset within acceptable time","status":"passed","title":"should handle large dataset within acceptable time","duration":353,"failureMessages":[]},{"ancestorTitles":["","Performance Tests","Search Performance"],"fullName":" Performance Tests Search Performance should filter small dataset instantly","status":"passed","title":"should filter small dataset instantly","duration":11,"failureMessages":[]},{"ancestorTitles":["","Performance Tests","Search Performance"],"fullName":" Performance Tests Search Performance should filter medium dataset quickly","status":"passed","title":"should filter medium dataset quickly","duration":94,"failureMessages":[]},{"ancestorTitles":["","Performance Tests","Search Performance"],"fullName":" Performance Tests Search Performance should filter large dataset within acceptable time","status":"passed","title":"should filter large dataset within acceptable time","duration":228,"failureMessages":[]},{"ancestorTitles":["","Performance Tests","Search Performance"],"fullName":" Performance Tests Search Performance should handle rapid successive searches efficiently","status":"passed","title":"should handle rapid successive searches efficiently","duration":79,"failureMessages":[]},{"ancestorTitles":["","Performance Tests","Rendering Performance"],"fullName":" Performance Tests Rendering Performance should render small result sets instantly","status":"passed","title":"should render small result sets instantly","duration":5,"failureMessages":[]},{"ancestorTitles":["","Performance Tests","Rendering Performance"],"fullName":" Performance Tests Rendering Performance should render medium result sets quickly","status":"passed","title":"should render medium result sets quickly","duration":34,"failureMessages":[]},{"ancestorTitles":["","Performance Tests","Rendering Performance"],"fullName":" Performance Tests Rendering Performance should handle large result sets efficiently","status":"passed","title":"should handle large result sets efficiently","duration":178,"failureMessages":[]},{"ancestorTitles":["","Performance Tests","Rendering Performance"],"fullName":" Performance Tests Rendering Performance should handle re-rendering during navigation efficiently","status":"passed","title":"should handle re-rendering during navigation efficiently","duration":195,"failureMessages":[]},{"ancestorTitles":["","Performance Tests","Memory Usage Tests"],"fullName":" Performance Tests Memory Usage Tests should not leak memory during repeated operations","status":"passed","title":"should not leak memory during repeated operations","duration":61,"failureMessages":[]},{"ancestorTitles":["","Performance Tests","Stress Tests"],"fullName":" Performance Tests Stress Tests should handle extremely large datasets","status":"passed","title":"should handle extremely large datasets","duration":743,"failureMessages":[]},{"ancestorTitles":["","Performance Tests","Stress Tests"],"fullName":" Performance Tests Stress Tests should handle rapid user interactions without blocking","status":"failed","title":"should handle rapid user interactions without blocking","duration":2083,"failureMessages":["expected 538.4617760000001 to be less than 500"],"location":{"line":364,"column":34}},{"ancestorTitles":["","Performance Tests","Stress Tests"],"fullName":" Performance Tests Stress Tests should handle edge case scenarios efficiently","status":"passed","title":"should handle edge case scenarios efficiently","duration":242,"failureMessages":[]},{"ancestorTitles":["","Performance Tests","Performance Regression Tests"],"fullName":" Performance Tests Performance Regression Tests should maintain performance baseline for standard operations","status":"passed","title":"should maintain performance baseline for standard operations","duration":18,"failureMessages":[]}],"startTime":1748437865674,"endTime":1748437870202,"status":"failed","message":"","name":"/Users/massilp/Projects/laricercadielisa/tests/performance/load.test.js"},{"assertionResults":[{"ancestorTitles":["","TabSearcher","Utility Methods"],"fullName":" TabSearcher Utility Methods should escape HTML properly","status":"passed","title":"should escape HTML properly","duration":31,"failureMessages":[]},{"ancestorTitles":["","TabSearcher","Utility Methods"],"fullName":" TabSearcher Utility Methods should escape HTML with quotes and ampersands","status":"passed","title":"should escape HTML with quotes and ampersands","duration":6,"failureMessages":[]},{"ancestorTitles":["","TabSearcher","Utility Methods"],"fullName":" TabSearcher Utility Methods should format URLs correctly","status":"passed","title":"should format URLs correctly","duration":9,"failureMessages":[]},{"ancestorTitles":["","TabSearcher","Utility Methods"],"fullName":" TabSearcher Utility Methods should handle invalid URLs gracefully","status":"passed","title":"should handle invalid URLs gracefully","duration":6,"failureMessages":[]},{"ancestorTitles":["","TabSearcher","Text Highlighting"],"fullName":" TabSearcher Text Highlighting should highlight matching text case-insensitively","status":"passed","title":"should highlight matching text case-insensitively","duration":6,"failureMessages":[]},{"ancestorTitles":["","TabSearcher","Text Highlighting"],"fullName":" TabSearcher Text Highlighting should return escaped text when no query provided","status":"passed","title":"should return escaped text when no query provided","duration":4,"failureMessages":[]},{"ancestorTitles":["","TabSearcher","Text Highlighting"],"fullName":" TabSearcher Text Highlighting should handle multiple matches in text","status":"passed","title":"should handle multiple matches in text","duration":6,"failureMessages":[]},{"ancestorTitles":["","TabSearcher","Tab Filtering"],"fullName":" TabSearcher Tab Filtering should filter tabs by title","status":"passed","title":"should filter tabs by title","duration":7,"failureMessages":[]},{"ancestorTitles":["","TabSearcher","Tab Filtering"],"fullName":" TabSearcher Tab Filtering should filter tabs by URL","status":"passed","title":"should filter tabs by URL","duration":6,"failureMessages":[]},{"ancestorTitles":["","TabSearcher","Tab Filtering"],"fullName":" TabSearcher Tab Filtering should be case insensitive","status":"passed","title":"should be case insensitive","duration":6,"failureMessages":[]},{"ancestorTitles":["","TabSearcher","Tab Filtering"],"fullName":" TabSearcher Tab Filtering should return all tabs when search is empty","status":"passed","title":"should return all tabs when search is empty","duration":5,"failureMessages":[]},{"ancestorTitles":["","TabSearcher","Tab Filtering"],"fullName":" TabSearcher Tab Filtering should handle special characters in search","status":"passed","title":"should handle special characters in search","duration":12,"failureMessages":[]},{"ancestorTitles":["","TabSearcher","UI State Management"],"fullName":" TabSearcher UI State Management should show loading state correctly","status":"passed","title":"should show loading state correctly","duration":6,"failureMessages":[]},{"ancestorTitles":["","TabSearcher","UI State Management"],"fullName":" TabSearcher UI State Management should show no results state correctly","status":"passed","title":"should show no results state correctly","duration":5,"failureMessages":[]},{"ancestorTitles":["","TabSearcher","UI State Management"],"fullName":" TabSearcher UI State Management should update statistics correctly","status":"passed","title":"should update statistics correctly","duration":4,"failureMessages":[]},{"ancestorTitles":["","TabSearcher","Performance Tests"],"fullName":" TabSearcher Performance Tests should filter large number of tabs efficiently","status":"passed","title":"should filter large number of tabs efficiently","duration":6,"failureMessages":[]}],"startTime":1748437865664,"endTime":1748437865792,"status":"passed","message":"","name":"/Users/massilp/Projects/laricercadielisa/tests/unit/TabSearcher.test.js"}]}
